npm verbose cli /home/pratosh/.nvm/versions/node/v24.12.0/bin/node /home/pratosh/.nvm/versions/node/v24.12.0/bin/npm
npm info using npm@11.6.2
npm info using node@v24.12.0
npm verbose title npm install
npm verbose argv "install" "--legacy-peer-deps" "--loglevel" "verbose"
npm verbose logfile logs-max:10 dir:/home/pratosh/.npm/_logs/2025-12-31T01_06_37_440Z-
npm verbose logfile /home/pratosh/.npm/_logs/2025-12-31T01_06_37_440Z-debug-0.log
npm http fetch GET 200 https://registry.npmjs.org/axios 403ms (cache revalidated)
npm http fetch GET 200 https://registry.npmjs.org/bootstrap 88ms (cache revalidated)
npm http fetch GET 200 https://registry.npmjs.org/chart.js 96ms (cache revalidated)
npm http fetch GET 200 https://registry.npmjs.org/chartjs-plugin-datalabels 97ms (cache revalidated)
npm http fetch GET 200 https://registry.npmjs.org/date-fns 107ms (cache revalidated)
npm http fetch GET 200 https://registry.npmjs.org/lucide-react 66ms (cache revalidated)
npm http fetch GET 200 https://registry.npmjs.org/react 94ms (cache revalidated)
npm http fetch GET 200 https://registry.npmjs.org/react-chartjs-2 63ms (cache revalidated)
npm http fetch GET 200 https://registry.npmjs.org/react-dom 192ms (cache revalidated)
npm http fetch GET 200 https://registry.npmjs.org/react-perfect-scrollbar 130ms (cache revalidated)
npm http fetch GET 200 https://registry.npmjs.org/react-router-dom 101ms (cache revalidated)
npm http fetch GET 200 https://registry.npmjs.org/reactstrap 60ms (cache revalidated)
npm http fetch GET 200 https://registry.npmjs.org/react-scripts 107ms (cache revalidated)
npm http fetch GET 200 https://registry.npmjs.org/@kurkle%2fcolor 103ms (cache revalidated)
npm http fetch GET 200 https://registry.npmjs.org/@babel%2fruntime 104ms (cache revalidated)
npm http fetch GET 200 https://registry.npmjs.org/follow-redirects 242ms (cache revalidated)
npm http fetch GET 200 https://registry.npmjs.org/classnames 156ms (cache revalidated)
npm http fetch GET 200 https://registry.npmjs.org/loose-envify 403ms (cache revalidated)
npm http fetch GET 200 https://registry.npmjs.org/loose-envify 406ms (cache revalidated)
npm http fetch GET 200 https://registry.npmjs.org/form-data 407ms (cache revalidated)
npm http fetch GET 200 https://registry.npmjs.org/proxy-from-env 410ms (cache revalidated)
npm http fetch GET 200 https://registry.npmjs.org/@popperjs%2fcore 187ms (cache revalidated)
npm http fetch GET 200 https://registry.npmjs.org/@remix-run%2frouter 416ms (cache revalidated)
npm http fetch GET 200 https://registry.npmjs.org/prop-types 420ms (cache revalidated)
npm http fetch GET 200 https://registry.npmjs.org/react-router 426ms (cache revalidated)
npm http fetch GET 200 https://registry.npmjs.org/scheduler 456ms (cache revalidated)
npm http cache https://registry.npmjs.org/prop-types 94ms (cache hit)
npm http fetch GET 200 https://registry.npmjs.org/perfect-scrollbar 517ms (cache revalidated)
npm http fetch GET 200 https://registry.npmjs.org/react-transition-group 156ms (cache revalidated)
npm http fetch GET 200 https://registry.npmjs.org/react-popper 159ms (cache revalidated)
npm http fetch GET 200 https://registry.npmjs.org/es-set-tostringtag 133ms (cache revalidated)
npm http fetch GET 200 https://registry.npmjs.org/combined-stream 134ms (cache revalidated)
npm http fetch GET 200 https://registry.npmjs.org/hasown 134ms (cache revalidated)
npm http fetch GET 200 https://registry.npmjs.org/asynckit 136ms (cache revalidated)
npm http fetch GET 200 https://registry.npmjs.org/mime-types 136ms (cache revalidated)
npm http fetch GET 200 https://registry.npmjs.org/function-bind 96ms (cache revalidated)
npm http fetch GET 200 https://registry.npmjs.org/delayed-stream 98ms (cache revalidated)
npm http fetch GET 200 https://registry.npmjs.org/es-errors 98ms (cache revalidated)
npm http fetch GET 200 https://registry.npmjs.org/has-tostringtag 98ms (cache revalidated)
npm http fetch GET 200 https://registry.npmjs.org/get-intrinsic 99ms (cache revalidated)
npm http fetch GET 200 https://registry.npmjs.org/mime-db 100ms (cache revalidated)
npm http fetch GET 200 https://registry.npmjs.org/has-symbols 91ms (cache revalidated)
npm http fetch GET 200 https://registry.npmjs.org/gopd 92ms (cache revalidated)
npm http fetch GET 200 https://registry.npmjs.org/call-bind-apply-helpers 92ms (cache revalidated)
npm http fetch GET 200 https://registry.npmjs.org/es-define-property 92ms (cache revalidated)
npm http fetch GET 200 https://registry.npmjs.org/es-object-atoms 93ms (cache revalidated)
npm http fetch GET 200 https://registry.npmjs.org/math-intrinsics 94ms (cache revalidated)
npm http fetch GET 200 https://registry.npmjs.org/has-symbols 94ms (cache revalidated)
npm http fetch GET 200 https://registry.npmjs.org/get-proto 96ms (cache revalidated)
npm http fetch GET 200 https://registry.npmjs.org/dunder-proto 87ms (cache revalidated)
npm http fetch GET 200 https://registry.npmjs.org/js-tokens 98ms (cache revalidated)
npm http fetch GET 200 https://registry.npmjs.org/object-assign 83ms (cache revalidated)
npm http fetch GET 200 https://registry.npmjs.org/react-is 90ms (cache revalidated)
npm http fetch GET 200 https://registry.npmjs.org/dom-helpers 53ms (cache revalidated)
npm http fetch GET 200 https://registry.npmjs.org/warning 75ms (cache revalidated)
npm http fetch GET 200 https://registry.npmjs.org/react-fast-compare 78ms (cache revalidated)
npm http fetch GET 200 https://registry.npmjs.org/csstype 55ms (cache revalidated)
npm http cache csstype@https://registry.npmjs.org/csstype/-/csstype-3.2.3.tgz 0ms (cache hit)
npm http cache warning@https://registry.npmjs.org/warning/-/warning-4.0.3.tgz 0ms (cache hit)
npm http cache react-transition-group@https://registry.npmjs.org/react-transition-group/-/react-transition-group-4.4.5.tgz 0ms (cache hit)
npm http cache dom-helpers@https://registry.npmjs.org/dom-helpers/-/dom-helpers-5.2.1.tgz 0ms (cache hit)
npm http cache react-fast-compare@https://registry.npmjs.org/react-fast-compare/-/react-fast-compare-3.2.2.tgz 0ms (cache hit)
npm http cache react-popper@https://registry.npmjs.org/react-popper/-/react-popper-2.3.0.tgz 0ms (cache hit)
npm http cache classnames@https://registry.npmjs.org/classnames/-/classnames-2.5.1.tgz 0ms (cache hit)
npm http cache @popperjs/core@https://registry.npmjs.org/@popperjs/core/-/core-2.11.8.tgz 0ms (cache hit)
npm http cache @babel/runtime@https://registry.npmjs.org/@babel/runtime/-/runtime-7.28.4.tgz 0ms (cache hit)
npm http cache react-router@https://registry.npmjs.org/react-router/-/react-router-6.30.2.tgz 0ms (cache hit)
npm http cache @remix-run/router@https://registry.npmjs.org/@remix-run/router/-/router-1.23.1.tgz 0ms (cache hit)
npm http cache react-is@https://registry.npmjs.org/react-is/-/react-is-16.13.1.tgz 0ms (cache hit)
npm http cache object-assign@https://registry.npmjs.org/object-assign/-/object-assign-4.1.1.tgz 0ms (cache hit)
npm http cache perfect-scrollbar@https://registry.npmjs.org/perfect-scrollbar/-/perfect-scrollbar-1.5.6.tgz 0ms (cache hit)
npm http cache prop-types@https://registry.npmjs.org/prop-types/-/prop-types-15.8.1.tgz 0ms (cache hit)
npm http cache scheduler@https://registry.npmjs.org/scheduler/-/scheduler-0.23.2.tgz 0ms (cache hit)
npm http cache js-tokens@https://registry.npmjs.org/js-tokens/-/js-tokens-4.0.0.tgz 0ms (cache hit)
npm http cache mime-db@https://registry.npmjs.org/mime-db/-/mime-db-1.52.0.tgz 0ms (cache hit)
npm http cache dunder-proto@https://registry.npmjs.org/dunder-proto/-/dunder-proto-1.0.1.tgz 0ms (cache hit)
npm http cache loose-envify@https://registry.npmjs.org/loose-envify/-/loose-envify-1.4.0.tgz 0ms (cache hit)
npm http cache math-intrinsics@https://registry.npmjs.org/math-intrinsics/-/math-intrinsics-1.1.0.tgz 0ms (cache hit)
npm http cache has-symbols@https://registry.npmjs.org/has-symbols/-/has-symbols-1.1.0.tgz 0ms (cache hit)
npm http cache gopd@https://registry.npmjs.org/gopd/-/gopd-1.2.0.tgz 0ms (cache hit)
npm http cache get-proto@https://registry.npmjs.org/get-proto/-/get-proto-1.0.1.tgz 0ms (cache hit)
npm http cache function-bind@https://registry.npmjs.org/function-bind/-/function-bind-1.1.2.tgz 0ms (cache hit)
npm http cache es-define-property@https://registry.npmjs.org/es-define-property/-/es-define-property-1.0.1.tgz 0ms (cache hit)
npm http cache call-bind-apply-helpers@https://registry.npmjs.org/call-bind-apply-helpers/-/call-bind-apply-helpers-1.0.2.tgz 0ms (cache hit)
npm http cache es-object-atoms@https://registry.npmjs.org/es-object-atoms/-/es-object-atoms-1.1.1.tgz 0ms (cache hit)
npm http cache has-tostringtag@https://registry.npmjs.org/has-tostringtag/-/has-tostringtag-1.0.2.tgz 0ms (cache hit)
npm http cache get-intrinsic@https://registry.npmjs.org/get-intrinsic/-/get-intrinsic-1.3.0.tgz 0ms (cache hit)
npm http cache es-errors@https://registry.npmjs.org/es-errors/-/es-errors-1.3.0.tgz 0ms (cache hit)
npm http cache mime-types@https://registry.npmjs.org/mime-types/-/mime-types-2.1.35.tgz 0ms (cache hit)
npm http cache delayed-stream@https://registry.npmjs.org/delayed-stream/-/delayed-stream-1.0.0.tgz 0ms (cache hit)
npm http cache hasown@https://registry.npmjs.org/hasown/-/hasown-2.0.2.tgz 0ms (cache hit)
npm http cache es-set-tostringtag@https://registry.npmjs.org/es-set-tostringtag/-/es-set-tostringtag-2.1.0.tgz 0ms (cache hit)
npm http cache combined-stream@https://registry.npmjs.org/combined-stream/-/combined-stream-1.0.8.tgz 0ms (cache hit)
npm http cache asynckit@https://registry.npmjs.org/asynckit/-/asynckit-0.4.0.tgz 0ms (cache hit)
npm http cache @kurkle/color@https://registry.npmjs.org/@kurkle/color/-/color-0.3.4.tgz 0ms (cache hit)
npm http cache proxy-from-env@https://registry.npmjs.org/proxy-from-env/-/proxy-from-env-1.1.0.tgz 0ms (cache hit)
npm http cache form-data@https://registry.npmjs.org/form-data/-/form-data-4.0.5.tgz 0ms (cache hit)
npm http cache follow-redirects@https://registry.npmjs.org/follow-redirects/-/follow-redirects-1.15.11.tgz 0ms (cache hit)
npm http cache reactstrap@https://registry.npmjs.org/reactstrap/-/reactstrap-9.2.3.tgz 0ms (cache hit)
npm http cache react-scripts@https://registry.npmjs.org/react-scripts/-/react-scripts-0.0.0.tgz 0ms (cache hit)
npm http cache react-router-dom@https://registry.npmjs.org/react-router-dom/-/react-router-dom-6.30.2.tgz 0ms (cache hit)
npm http cache react-perfect-scrollbar@https://registry.npmjs.org/react-perfect-scrollbar/-/react-perfect-scrollbar-1.5.8.tgz 0ms (cache hit)
npm http cache react-dom@https://registry.npmjs.org/react-dom/-/react-dom-18.3.1.tgz 0ms (cache hit)
npm http cache react-chartjs-2@https://registry.npmjs.org/react-chartjs-2/-/react-chartjs-2-5.3.1.tgz 0ms (cache hit)
npm http cache react@https://registry.npmjs.org/react/-/react-18.3.1.tgz 0ms (cache hit)
npm http cache lucide-react@https://registry.npmjs.org/lucide-react/-/lucide-react-0.263.1.tgz 0ms (cache hit)
npm http cache date-fns@https://registry.npmjs.org/date-fns/-/date-fns-3.6.0.tgz 0ms (cache hit)
npm http cache chartjs-plugin-datalabels@https://registry.npmjs.org/chartjs-plugin-datalabels/-/chartjs-plugin-datalabels-2.2.0.tgz 0ms (cache hit)
npm http cache chart.js@https://registry.npmjs.org/chart.js/-/chart.js-4.5.1.tgz 0ms (cache hit)
npm http cache bootstrap@https://registry.npmjs.org/bootstrap/-/bootstrap-5.3.8.tgz 0ms (cache hit)
npm http cache axios@https://registry.npmjs.org/axios/-/axios-1.13.2.tgz 0ms (cache hit)
npm http fetch POST 200 https://registry.npmjs.org/-/npm/v1/security/advisories/bulk 348ms

added 54 packages, and audited 55 packages in 5s

9 packages are looking for funding
  run `npm fund` for details

found 0 vulnerabilities
npm verbose cwd /home/pratosh/Desktop/Desktop/programming/code/valor/valor-dashboard
npm verbose os Linux 6.8.0-90-generic
npm verbose node v24.12.0
npm verbose npm  v11.6.2
npm verbose exit 0
npm info ok
